This is pdfTeX, Version 3.1415926-2.4-1.40.13 (TeX Live 2012/Debian) (format=pdflatex 2014.1.22)  3 APR 2015 11:35
entering extended mode
 restricted \write18 enabled.
 %&-line parsing enabled.
**rumex.tex
(./rumex.tex
LaTeX2e <2011/06/27>
Babel <v3.8m> and hyphenation patterns for english, dumylang, nohyphenation, ng
erman, german, swissgerman, ngerman-x-2012-05-30, german-x-2012-05-30, loaded.
(/usr/share/texlive/texmf-dist/tex/latex/koma-script/scrreprt.cls
Document Class: scrreprt 2012/05/15 v3.11 KOMA-Script document class (report)
(/usr/share/texlive/texmf-dist/tex/latex/koma-script/scrkbase.sty
Package: scrkbase 2012/05/15 v3.11 KOMA-Script package (KOMA-Script-dependent b
asics and keyval usage)

(/usr/share/texlive/texmf-dist/tex/latex/koma-script/scrbase.sty
Package: scrbase 2012/05/15 v3.11 KOMA-Script package (KOMA-Script-independent 
basics and keyval usage)

(/usr/share/texlive/texmf-dist/tex/latex/graphics/keyval.sty
Package: keyval 1999/03/16 v1.13 key=value parser (DPC)
\KV@toks@=\toks14
)
(/usr/share/texlive/texmf-dist/tex/latex/koma-script/scrlfile.sty
Package: scrlfile 2011/03/09 v3.09 KOMA-Script package (loading files)

Package scrlfile, 2011/03/09 v3.09 KOMA-Script package (loading files)
                  Copyright (C) Markus Kohm

))) (/usr/share/texlive/texmf-dist/tex/latex/koma-script/tocbasic.sty
Package: tocbasic 2012/04/04 v3.10b KOMA-Script package (handling toc-files)
)
Package tocbasic Info: omitting babel extension for `toc'
(tocbasic)             because of feature `nobabel' available
(tocbasic)             for `toc' on input line 117.
Package tocbasic Info: omitting babel extension for `lof'
(tocbasic)             because of feature `nobabel' available
(tocbasic)             for `lof' on input line 118.
Package tocbasic Info: omitting babel extension for `lot'
(tocbasic)             because of feature `nobabel' available
(tocbasic)             for `lot' on input line 119.
Class scrreprt Info: Switching compatibility level to `last'.
Class scrreprt Info: File `scrsize12pt.clo' used to setup font sizes on input l
ine 1365.

(/usr/share/texlive/texmf-dist/tex/latex/koma-script/scrsize12pt.clo
File: scrsize12pt.clo 2012/05/15 v3.11 KOMA-Script font size class option (12pt
)
)
(/usr/share/texlive/texmf-dist/tex/latex/koma-script/typearea.sty
Package: typearea 2012/05/15 v3.11 KOMA-Script package (type area)

Package typearea, 2012/05/15 v3.11 KOMA-Script package (type area)
                  Copyright (C) Frank Neukam, 1992-1994
                  Copyright (C) Markus Kohm, 1994-

\ta@bcor=\skip41
\ta@div=\count79
Package scrextend Info: Switching compatibility level to `last'.
\ta@hblk=\skip42
\ta@vblk=\skip43
\ta@temp=\skip44
Package typearea Info: These are the values describing the layout:
(typearea)             DIV  = 12
(typearea)             BCOR = 0.0pt
(typearea)             \paperwidth      = 597.50793pt
(typearea)              \textwidth      = 448.13095pt
(typearea)              DIV departure   = -6%
(typearea)              \evensidemargin = 2.4185pt
(typearea)              \oddsidemargin  = 2.4185pt
(typearea)             \paperheight     = 845.04694pt
(typearea)              \textheight     = 635.5pt
(typearea)              \topmargin      = -41.72441pt
(typearea)              \headheight     = 18.125pt
(typearea)              \headsep        = 21.75pt
(typearea)              \topskip        = 12.0pt
(typearea)              \footskip       = 50.75pt
(typearea)              \baselineskip   = 14.5pt
(typearea)              on input line 1211.
)
\c@part=\count80
\c@chapter=\count81
\c@section=\count82
\c@subsection=\count83
\c@subsubsection=\count84
\c@paragraph=\count85
\c@subparagraph=\count86
\abovecaptionskip=\skip45
\belowcaptionskip=\skip46
\c@pti@nb@sid@b@x=\box26
\c@figure=\count87
\c@table=\count88
\bibindent=\dimen102
) (/usr/share/texlive/texmf-dist/tex/generic/babel/babel.sty
Package: babel 2008/07/08 v3.8m The Babel package

(/usr/share/texlive/texmf-dist/tex/generic/babel/ngermanb.ldf
Language: ngermanb 2008/07/06 v2.6n new German support from the babel system

(/usr/share/texlive/texmf-dist/tex/generic/babel/babel.def
File: babel.def 2008/07/08 v3.8m Babel common definitions
\babel@savecnt=\count89
\U@D=\dimen103
)
\l@naustrian = a dialect from \language\l@ngerman 
Package babel Info: Making " an active character on input line 92.
))
(/usr/share/texlive/texmf-dist/tex/latex/base/fontenc.sty
Package: fontenc 2005/09/27 v1.99g Standard LaTeX package

(/usr/share/texlive/texmf-dist/tex/latex/base/t1enc.def
File: t1enc.def 2005/09/27 v1.99g Standard LaTeX file
LaTeX Font Info:    Redeclaring font encoding T1 on input line 43.
))
(/usr/share/texlive/texmf-dist/tex/latex/base/inputenc.sty
Package: inputenc 2008/03/30 v1.1d Input encoding file
\inpenc@prehook=\toks15
\inpenc@posthook=\toks16

(/usr/share/texlive/texmf-dist/tex/latex/base/utf8.def
File: utf8.def 2008/04/05 v1.1m UTF-8 support for inputenc
Now handling font encoding OML ...
... no UTF-8 mapping file for font encoding OML
Now handling font encoding T1 ...
... processing UTF-8 mapping file for font encoding T1

(/usr/share/texlive/texmf-dist/tex/latex/base/t1enc.dfu
File: t1enc.dfu 2008/04/05 v1.1m UTF-8 support for inputenc
   defining Unicode char U+00A1 (decimal 161)
   defining Unicode char U+00A3 (decimal 163)
   defining Unicode char U+00AB (decimal 171)
   defining Unicode char U+00BB (decimal 187)
   defining Unicode char U+00BF (decimal 191)
   defining Unicode char U+00C0 (decimal 192)
   defining Unicode char U+00C1 (decimal 193)
   defining Unicode char U+00C2 (decimal 194)
   defining Unicode char U+00C3 (decimal 195)
   defining Unicode char U+00C4 (decimal 196)
   defining Unicode char U+00C5 (decimal 197)
   defining Unicode char U+00C6 (decimal 198)
   defining Unicode char U+00C7 (decimal 199)
   defining Unicode char U+00C8 (decimal 200)
   defining Unicode char U+00C9 (decimal 201)
   defining Unicode char U+00CA (decimal 202)
   defining Unicode char U+00CB (decimal 203)
   defining Unicode char U+00CC (decimal 204)
   defining Unicode char U+00CD (decimal 205)
   defining Unicode char U+00CE (decimal 206)
   defining Unicode char U+00CF (decimal 207)
   defining Unicode char U+00D0 (decimal 208)
   defining Unicode char U+00D1 (decimal 209)
   defining Unicode char U+00D2 (decimal 210)
   defining Unicode char U+00D3 (decimal 211)
   defining Unicode char U+00D4 (decimal 212)
   defining Unicode char U+00D5 (decimal 213)
   defining Unicode char U+00D6 (decimal 214)
   defining Unicode char U+00D8 (decimal 216)
   defining Unicode char U+00D9 (decimal 217)
   defining Unicode char U+00DA (decimal 218)
   defining Unicode char U+00DB (decimal 219)
   defining Unicode char U+00DC (decimal 220)
   defining Unicode char U+00DD (decimal 221)
   defining Unicode char U+00DE (decimal 222)
   defining Unicode char U+00DF (decimal 223)
   defining Unicode char U+00E0 (decimal 224)
   defining Unicode char U+00E1 (decimal 225)
   defining Unicode char U+00E2 (decimal 226)
   defining Unicode char U+00E3 (decimal 227)
   defining Unicode char U+00E4 (decimal 228)
   defining Unicode char U+00E5 (decimal 229)
   defining Unicode char U+00E6 (decimal 230)
   defining Unicode char U+00E7 (decimal 231)
   defining Unicode char U+00E8 (decimal 232)
   defining Unicode char U+00E9 (decimal 233)
   defining Unicode char U+00EA (decimal 234)
   defining Unicode char U+00EB (decimal 235)
   defining Unicode char U+00EC (decimal 236)
   defining Unicode char U+00ED (decimal 237)
   defining Unicode char U+00EE (decimal 238)
   defining Unicode char U+00EF (decimal 239)
   defining Unicode char U+00F0 (decimal 240)
   defining Unicode char U+00F1 (decimal 241)
   defining Unicode char U+00F2 (decimal 242)
   defining Unicode char U+00F3 (decimal 243)
   defining Unicode char U+00F4 (decimal 244)
   defining Unicode char U+00F5 (decimal 245)
   defining Unicode char U+00F6 (decimal 246)
   defining Unicode char U+00F8 (decimal 248)
   defining Unicode char U+00F9 (decimal 249)
   defining Unicode char U+00FA (decimal 250)
   defining Unicode char U+00FB (decimal 251)
   defining Unicode char U+00FC (decimal 252)
   defining Unicode char U+00FD (decimal 253)
   defining Unicode char U+00FE (decimal 254)
   defining Unicode char U+00FF (decimal 255)
   defining Unicode char U+0102 (decimal 258)
   defining Unicode char U+0103 (decimal 259)
   defining Unicode char U+0104 (decimal 260)
   defining Unicode char U+0105 (decimal 261)
   defining Unicode char U+0106 (decimal 262)
   defining Unicode char U+0107 (decimal 263)
   defining Unicode char U+010C (decimal 268)
   defining Unicode char U+010D (decimal 269)
   defining Unicode char U+010E (decimal 270)
   defining Unicode char U+010F (decimal 271)
   defining Unicode char U+0110 (decimal 272)
   defining Unicode char U+0111 (decimal 273)
   defining Unicode char U+0118 (decimal 280)
   defining Unicode char U+0119 (decimal 281)
   defining Unicode char U+011A (decimal 282)
   defining Unicode char U+011B (decimal 283)
   defining Unicode char U+011E (decimal 286)
   defining Unicode char U+011F (decimal 287)
   defining Unicode char U+0130 (decimal 304)
   defining Unicode char U+0131 (decimal 305)
   defining Unicode char U+0132 (decimal 306)
   defining Unicode char U+0133 (decimal 307)
   defining Unicode char U+0139 (decimal 313)
   defining Unicode char U+013A (decimal 314)
   defining Unicode char U+013D (decimal 317)
   defining Unicode char U+013E (decimal 318)
   defining Unicode char U+0141 (decimal 321)
   defining Unicode char U+0142 (decimal 322)
   defining Unicode char U+0143 (decimal 323)
   defining Unicode char U+0144 (decimal 324)
   defining Unicode char U+0147 (decimal 327)
   defining Unicode char U+0148 (decimal 328)
   defining Unicode char U+014A (decimal 330)
   defining Unicode char U+014B (decimal 331)
   defining Unicode char U+0150 (decimal 336)
   defining Unicode char U+0151 (decimal 337)
   defining Unicode char U+0152 (decimal 338)
   defining Unicode char U+0153 (decimal 339)
   defining Unicode char U+0154 (decimal 340)
   defining Unicode char U+0155 (decimal 341)
   defining Unicode char U+0158 (decimal 344)
   defining Unicode char U+0159 (decimal 345)
   defining Unicode char U+015A (decimal 346)
   defining Unicode char U+015B (decimal 347)
   defining Unicode char U+015E (decimal 350)
   defining Unicode char U+015F (decimal 351)
   defining Unicode char U+0160 (decimal 352)
   defining Unicode char U+0161 (decimal 353)
   defining Unicode char U+0162 (decimal 354)
   defining Unicode char U+0163 (decimal 355)
   defining Unicode char U+0164 (decimal 356)
   defining Unicode char U+0165 (decimal 357)
   defining Unicode char U+016E (decimal 366)
   defining Unicode char U+016F (decimal 367)
   defining Unicode char U+0170 (decimal 368)
   defining Unicode char U+0171 (decimal 369)
   defining Unicode char U+0178 (decimal 376)
   defining Unicode char U+0179 (decimal 377)
   defining Unicode char U+017A (decimal 378)
   defining Unicode char U+017B (decimal 379)
   defining Unicode char U+017C (decimal 380)
   defining Unicode char U+017D (decimal 381)
   defining Unicode char U+017E (decimal 382)
   defining Unicode char U+200C (decimal 8204)
   defining Unicode char U+2013 (decimal 8211)
   defining Unicode char U+2014 (decimal 8212)
   defining Unicode char U+2018 (decimal 8216)
   defining Unicode char U+2019 (decimal 8217)
   defining Unicode char U+201A (decimal 8218)
   defining Unicode char U+201C (decimal 8220)
   defining Unicode char U+201D (decimal 8221)
   defining Unicode char U+201E (decimal 8222)
   defining Unicode char U+2030 (decimal 8240)
   defining Unicode char U+2031 (decimal 8241)
   defining Unicode char U+2039 (decimal 8249)
   defining Unicode char U+203A (decimal 8250)
   defining Unicode char U+2423 (decimal 9251)
)
Now handling font encoding OT1 ...
... processing UTF-8 mapping file for font encoding OT1

(/usr/share/texlive/texmf-dist/tex/latex/base/ot1enc.dfu
File: ot1enc.dfu 2008/04/05 v1.1m UTF-8 support for inputenc
   defining Unicode char U+00A1 (decimal 161)
   defining Unicode char U+00A3 (decimal 163)
   defining Unicode char U+00B8 (decimal 184)
   defining Unicode char U+00BF (decimal 191)
   defining Unicode char U+00C5 (decimal 197)
   defining Unicode char U+00C6 (decimal 198)
   defining Unicode char U+00D8 (decimal 216)
   defining Unicode char U+00DF (decimal 223)
   defining Unicode char U+00E6 (decimal 230)
   defining Unicode char U+00EC (decimal 236)
   defining Unicode char U+00ED (decimal 237)
   defining Unicode char U+00EE (decimal 238)
   defining Unicode char U+00EF (decimal 239)
   defining Unicode char U+00F8 (decimal 248)
   defining Unicode char U+0131 (decimal 305)
   defining Unicode char U+0141 (decimal 321)
   defining Unicode char U+0142 (decimal 322)
   defining Unicode char U+0152 (decimal 338)
   defining Unicode char U+0153 (decimal 339)
   defining Unicode char U+2013 (decimal 8211)
   defining Unicode char U+2014 (decimal 8212)
   defining Unicode char U+2018 (decimal 8216)
   defining Unicode char U+2019 (decimal 8217)
   defining Unicode char U+201C (decimal 8220)
   defining Unicode char U+201D (decimal 8221)
)
Now handling font encoding OMS ...
... processing UTF-8 mapping file for font encoding OMS

(/usr/share/texlive/texmf-dist/tex/latex/base/omsenc.dfu
File: omsenc.dfu 2008/04/05 v1.1m UTF-8 support for inputenc
   defining Unicode char U+00A7 (decimal 167)
   defining Unicode char U+00B6 (decimal 182)
   defining Unicode char U+00B7 (decimal 183)
   defining Unicode char U+2020 (decimal 8224)
   defining Unicode char U+2021 (decimal 8225)
   defining Unicode char U+2022 (decimal 8226)
)
Now handling font encoding OMX ...
... no UTF-8 mapping file for font encoding OMX
Now handling font encoding U ...
... no UTF-8 mapping file for font encoding U
   defining Unicode char U+00A9 (decimal 169)
   defining Unicode char U+00AA (decimal 170)
   defining Unicode char U+00AE (decimal 174)
   defining Unicode char U+00BA (decimal 186)
   defining Unicode char U+02C6 (decimal 710)
   defining Unicode char U+02DC (decimal 732)
   defining Unicode char U+200C (decimal 8204)
   defining Unicode char U+2026 (decimal 8230)
   defining Unicode char U+2122 (decimal 8482)
   defining Unicode char U+2423 (decimal 9251)
))
(/usr/share/texmf/tex/latex/lm/lmodern.sty
Package: lmodern 2009/10/30 v1.6 Latin Modern Fonts
LaTeX Font Info:    Overwriting symbol font `operators' in version `normal'
(Font)                  OT1/cmr/m/n --> OT1/lmr/m/n on input line 22.
LaTeX Font Info:    Overwriting symbol font `letters' in version `normal'
(Font)                  OML/cmm/m/it --> OML/lmm/m/it on input line 23.
LaTeX Font Info:    Overwriting symbol font `symbols' in version `normal'
(Font)                  OMS/cmsy/m/n --> OMS/lmsy/m/n on input line 24.
LaTeX Font Info:    Overwriting symbol font `largesymbols' in version `normal'
(Font)                  OMX/cmex/m/n --> OMX/lmex/m/n on input line 25.
LaTeX Font Info:    Overwriting symbol font `operators' in version `bold'
(Font)                  OT1/cmr/bx/n --> OT1/lmr/bx/n on input line 26.
LaTeX Font Info:    Overwriting symbol font `letters' in version `bold'
(Font)                  OML/cmm/b/it --> OML/lmm/b/it on input line 27.
LaTeX Font Info:    Overwriting symbol font `symbols' in version `bold'
(Font)                  OMS/cmsy/b/n --> OMS/lmsy/b/n on input line 28.
LaTeX Font Info:    Overwriting symbol font `largesymbols' in version `bold'
(Font)                  OMX/cmex/m/n --> OMX/lmex/m/n on input line 29.
LaTeX Font Info:    Overwriting math alphabet `\mathbf' in version `normal'
(Font)                  OT1/cmr/bx/n --> OT1/lmr/bx/n on input line 31.
LaTeX Font Info:    Overwriting math alphabet `\mathsf' in version `normal'
(Font)                  OT1/cmss/m/n --> OT1/lmss/m/n on input line 32.
LaTeX Font Info:    Overwriting math alphabet `\mathit' in version `normal'
(Font)                  OT1/cmr/m/it --> OT1/lmr/m/it on input line 33.
LaTeX Font Info:    Overwriting math alphabet `\mathtt' in version `normal'
(Font)                  OT1/cmtt/m/n --> OT1/lmtt/m/n on input line 34.
LaTeX Font Info:    Overwriting math alphabet `\mathbf' in version `bold'
(Font)                  OT1/cmr/bx/n --> OT1/lmr/bx/n on input line 35.
LaTeX Font Info:    Overwriting math alphabet `\mathsf' in version `bold'
(Font)                  OT1/cmss/bx/n --> OT1/lmss/bx/n on input line 36.
LaTeX Font Info:    Overwriting math alphabet `\mathit' in version `bold'
(Font)                  OT1/cmr/bx/it --> OT1/lmr/bx/it on input line 37.
LaTeX Font Info:    Overwriting math alphabet `\mathtt' in version `bold'
(Font)                  OT1/cmtt/m/n --> OT1/lmtt/m/n on input line 38.
)
(/usr/share/texlive/texmf-dist/tex/latex/microtype/microtype.sty
Package: microtype 2010/01/10 v2.4 Micro-typography with pdfTeX (RS)
\MT@toks=\toks17
\MT@count=\count90
LaTeX Info: Redefining \lsstyle on input line 1597.
LaTeX Info: Redefining \lslig on input line 1597.
\MT@outer@space=\skip47
LaTeX Info: Redefining \textls on input line 1605.
\MT@outer@kern=\dimen104
LaTeX Info: Redefining \textmicrotypecontext on input line 2156.
Package microtype Info: Loading configuration file microtype.cfg.

(/usr/share/texlive/texmf-dist/tex/latex/microtype/microtype.cfg
File: microtype.cfg 2010/01/10 v2.4 microtype main configuration file (RS)
))
(/usr/share/texlive/texmf-dist/tex/latex/tools/varioref.sty
Package: varioref 2011/10/02 v1.4z package for extended references (FMi)
\c@vrcnt=\count91
)
(/usr/share/texlive/texmf-dist/tex/latex/tools/verbatim.sty
Package: verbatim 2003/08/22 v1.5q LaTeX2e package for verbatim enhancements
\every@verbatim=\toks18
\verbatim@line=\toks19
\verbatim@in@stream=\read1
)
(/usr/share/texlive/texmf-dist/tex/latex/fancyvrb/fancyvrb.sty
Package: fancyvrb 2008/02/07

Style option: `fancyvrb' v2.7a, with DG/SPQR fixes, and firstline=lastline fix 
<2008/02/07> (tvz)
\FV@CodeLineNo=\count92
\FV@InFile=\read2
\FV@TabBox=\box27
\c@FancyVerbLine=\count93
\FV@StepNumber=\count94
\FV@OutFile=\write3
)
(/usr/share/texlive/texmf-dist/tex/latex/graphics/graphicx.sty
Package: graphicx 1999/02/16 v1.0f Enhanced LaTeX Graphics (DPC,SPQR)

(/usr/share/texlive/texmf-dist/tex/latex/graphics/graphics.sty
Package: graphics 2009/02/05 v1.0o Standard LaTeX Graphics (DPC,SPQR)

(/usr/share/texlive/texmf-dist/tex/latex/graphics/trig.sty
Package: trig 1999/03/16 v1.09 sin cos tan (DPC)
)
(/usr/share/texlive/texmf-dist/tex/latex/latexconfig/graphics.cfg
File: graphics.cfg 2010/04/23 v1.9 graphics configuration of TeX Live
)
Package graphics Info: Driver file: pdftex.def on input line 91.

(/usr/share/texlive/texmf-dist/tex/latex/pdftex-def/pdftex.def
File: pdftex.def 2011/05/27 v0.06d Graphics/color for pdfTeX

(/usr/share/texlive/texmf-dist/tex/generic/oberdiek/infwarerr.sty
Package: infwarerr 2010/04/08 v1.3 Providing info/warning/error messages (HO)
)
(/usr/share/texlive/texmf-dist/tex/generic/oberdiek/ltxcmds.sty
Package: ltxcmds 2011/11/09 v1.22 LaTeX kernel commands for general use (HO)
)
\Gread@gobject=\count95
))
\Gin@req@height=\dimen105
\Gin@req@width=\dimen106
)
(/usr/share/texlive/texmf-dist/tex/latex/soul/soul.sty
Package: soul 2003/11/17 v2.4 letterspacing/underlining (mf)
\SOUL@word=\toks20
\SOUL@lasttoken=\toks21
\SOUL@cmds=\toks22
\SOUL@buffer=\toks23
\SOUL@token=\toks24
\SOUL@spaceskip=\skip48
\SOUL@ttwidth=\dimen107
\SOUL@uldp=\dimen108
\SOUL@ulht=\dimen109
)
(/usr/share/texlive/texmf-dist/tex/generic/ulem/ulem.sty
\UL@box=\box28
\UL@hyphenbox=\box29
\UL@skip=\skip49
\UL@hook=\toks25
\UL@height=\dimen110
\UL@pe=\count96
\UL@pixel=\dimen111
\ULC@box=\box30
Package: ulem 2012/05/18
\ULdepth=\dimen112
)
(/usr/share/texlive/texmf-dist/tex/latex/eurosym/eurosym.sty
Package: eurosym 1998/08/06 v1.1 European currency symbol ``Euro''
\@eurobox=\box31
)
(/usr/share/texlive/texmf-dist/tex/latex/hyperref/hyperref.sty
Package: hyperref 2012/05/13 v6.82q Hypertext links for LaTeX

(/usr/share/texlive/texmf-dist/tex/generic/oberdiek/hobsub-hyperref.sty
Package: hobsub-hyperref 2012/05/28 v1.13 Bundle oberdiek, subset hyperref (HO)


(/usr/share/texlive/texmf-dist/tex/generic/oberdiek/hobsub-generic.sty
Package: hobsub-generic 2012/05/28 v1.13 Bundle oberdiek, subset generic (HO)
Package: hobsub 2012/05/28 v1.13 Construct package bundles (HO)
Package hobsub Info: Skipping package `infwarerr' (already loaded).
Package hobsub Info: Skipping package `ltxcmds' (already loaded).
Package: ifluatex 2010/03/01 v1.3 Provides the ifluatex switch (HO)
Package ifluatex Info: LuaTeX not detected.
Package: ifvtex 2010/03/01 v1.5 Detect VTeX and its facilities (HO)
Package ifvtex Info: VTeX not detected.
Package: intcalc 2007/09/27 v1.1 Expandable calculations with integers (HO)
Package: ifpdf 2011/01/30 v2.3 Provides the ifpdf switch (HO)
Package ifpdf Info: pdfTeX in PDF mode is detected.
Package: etexcmds 2011/02/16 v1.5 Avoid name clashes with e-TeX commands (HO)
Package etexcmds Info: Could not find \expanded.
(etexcmds)             That can mean that you are not using pdfTeX 1.50 or
(etexcmds)             that some package has redefined \expanded.
(etexcmds)             In the latter case, load this package earlier.
Package: kvsetkeys 2012/04/25 v1.16 Key value parser (HO)
Package: kvdefinekeys 2011/04/07 v1.3 Define keys (HO)
Package: pdftexcmds 2011/11/29 v0.20 Utility functions of pdfTeX for LuaTeX (HO
)
Package pdftexcmds Info: LuaTeX not detected.
Package pdftexcmds Info: \pdf@primitive is available.
Package pdftexcmds Info: \pdf@ifprimitive is available.
Package pdftexcmds Info: \pdfdraftmode found.
Package: pdfescape 2011/11/25 v1.13 Implements pdfTeX's escape features (HO)
Package: bigintcalc 2012/04/08 v1.3 Expandable calculations on big integers (HO
)
Package: bitset 2011/01/30 v1.1 Handle bit-vector datatype (HO)
Package: uniquecounter 2011/01/30 v1.2 Provide unlimited unique counter (HO)
)
Package hobsub Info: Skipping package `hobsub' (already loaded).
Package: letltxmacro 2010/09/02 v1.4 Let assignment for LaTeX macros (HO)
Package: hopatch 2012/05/28 v1.2 Wrapper for package hooks (HO)
Package: xcolor-patch 2011/01/30 xcolor patch
Package: atveryend 2011/06/30 v1.8 Hooks at the very end of document (HO)
Package atveryend Info: \enddocument detected (standard20110627).
Package: atbegshi 2011/10/05 v1.16 At begin shipout hook (HO)
Package: refcount 2011/10/16 v3.4 Data extraction from label references (HO)
Package: hycolor 2011/01/30 v1.7 Color options for hyperref/bookmark (HO)
)
(/usr/share/texlive/texmf-dist/tex/generic/ifxetex/ifxetex.sty
Package: ifxetex 2010/09/12 v0.6 Provides ifxetex conditional
)
(/usr/share/texlive/texmf-dist/tex/latex/oberdiek/kvoptions.sty
Package: kvoptions 2011/06/30 v3.11 Key value format for package options (HO)
)
\@linkdim=\dimen113
\Hy@linkcounter=\count97
\Hy@pagecounter=\count98

(/usr/share/texlive/texmf-dist/tex/latex/hyperref/pd1enc.def
File: pd1enc.def 2012/05/13 v6.82q Hyperref: PDFDocEncoding definition (HO)
Now handling font encoding PD1 ...
... no UTF-8 mapping file for font encoding PD1
)
\Hy@SavedSpaceFactor=\count99

(/usr/share/texlive/texmf-dist/tex/latex/latexconfig/hyperref.cfg
File: hyperref.cfg 2002/06/06 v1.2 hyperref configuration of TeXLive
)
Package hyperref Info: Hyper figures OFF on input line 4062.
Package hyperref Info: Link nesting OFF on input line 4067.
Package hyperref Info: Hyper index ON on input line 4070.
Package hyperref Info: Plain pages OFF on input line 4077.
Package hyperref Info: Backreferencing OFF on input line 4082.
Package hyperref Info: Implicit mode ON; LaTeX internals redefined.
Package hyperref Info: Bookmarks ON on input line 4300.
\c@Hy@tempcnt=\count100

(/usr/share/texlive/texmf-dist/tex/latex/url/url.sty
\Urlmuskip=\muskip10
Package: url 2006/04/12  ver 3.3  Verb mode for urls, etc.
)
LaTeX Info: Redefining \url on input line 4653.
\Fld@menulength=\count101
\Field@Width=\dimen114
\Fld@charsize=\dimen115
Package hyperref Info: Hyper figures OFF on input line 5773.
Package hyperref Info: Link nesting OFF on input line 5778.
Package hyperref Info: Hyper index ON on input line 5781.
Package hyperref Info: backreferencing OFF on input line 5788.
Package hyperref Info: Link coloring OFF on input line 5793.
Package hyperref Info: Link coloring with OCG OFF on input line 5798.
Package hyperref Info: PDF/A mode OFF on input line 5803.
LaTeX Info: Redefining \ref on input line 5843.
LaTeX Info: Redefining \pageref on input line 5847.
\Hy@abspage=\count102
\c@Item=\count103
\c@Hfootnote=\count104
)

Package hyperref Message: Driver (autodetected): hpdftex.

(/usr/share/texlive/texmf-dist/tex/latex/hyperref/hpdftex.def
File: hpdftex.def 2012/05/13 v6.82q Hyperref driver for pdfTeX
\Fld@listcount=\count105
\c@bookmark@seq@number=\count106

(/usr/share/texlive/texmf-dist/tex/latex/oberdiek/rerunfilecheck.sty
Package: rerunfilecheck 2011/04/15 v1.7 Rerun checks for auxiliary files (HO)
Package uniquecounter Info: New unique counter `rerunfilecheck' on input line 2
82.
)
\Hy@SectionHShift=\skip50
)
Package hyperref Info: Option `colorlinks' set `true' on input line 75.

(/usr/share/texlive/texmf-dist/tex/latex/dejavu/dejavu.sty
Package: dejavu 2011/07/27 Style file for DejaVu

(/usr/share/texlive/texmf-dist/tex/latex/dejavu/DejaVuSansMono.sty
Package: DejaVuSansMono 2011/06/01 Style file for DejaVuSansMono.
)
(/usr/share/texlive/texmf-dist/tex/latex/dejavu/DejaVuSans.sty
Package: DejaVuSans 2011/06/01 Style file for DejaVuSans.
)
(/usr/share/texlive/texmf-dist/tex/latex/dejavu/DejaVuSerif.sty
Package: DejaVuSerif 2011/06/01 Style file for DejaVuSerif.
)) (./rumex.sty) (./rumex.aux)
\openout1 = `rumex.aux'.

LaTeX Font Info:    Checking defaults for OML/cmm/m/it on input line 124.
LaTeX Font Info:    ... okay on input line 124.
LaTeX Font Info:    Checking defaults for T1/cmr/m/n on input line 124.
LaTeX Font Info:    ... okay on input line 124.
LaTeX Font Info:    Checking defaults for OT1/cmr/m/n on input line 124.
LaTeX Font Info:    ... okay on input line 124.
LaTeX Font Info:    Checking defaults for OMS/cmsy/m/n on input line 124.
LaTeX Font Info:    ... okay on input line 124.
LaTeX Font Info:    Checking defaults for OMX/cmex/m/n on input line 124.
LaTeX Font Info:    ... okay on input line 124.
LaTeX Font Info:    Checking defaults for U/cmr/m/n on input line 124.
LaTeX Font Info:    ... okay on input line 124.
LaTeX Font Info:    Checking defaults for PD1/pdf/m/n on input line 124.
LaTeX Font Info:    ... okay on input line 124.
LaTeX Font Info:    Try loading font information for T1+DejaVuSerif-TLF on inpu
t line 124.

(/usr/share/texlive/texmf-dist/tex/latex/dejavu/T1DejaVuSerif-TLF.fd
File: T1DejaVuSerif-TLF.fd 2011/06/01 Font definitions for T1/DejaVuSerif-TLF.
)
LaTeX Info: Redefining \microtypecontext on input line 124.
Package microtype Info: Generating PDF output.
Package microtype Info: Character protrusion enabled (level 2).
Package microtype Info: Using default protrusion set `alltext'.
Package microtype Info: Automatic font expansion enabled (level 2),
(microtype)             stretch: 20, shrink: 20, step: 1, non-selected.
Package microtype Info: Using default expansion set `basictext'.
Package microtype Info: No tracking.
Package microtype Info: No adjustment of interword spacing.
Package microtype Info: No adjustment of character kerning.

(/usr/share/texlive/texmf-dist/tex/context/base/supp-pdf.mkii
[Loading MPS to PDF converter (version 2006.09.02).]
\scratchcounter=\count107
\scratchdimen=\dimen116
\scratchbox=\box32
\nofMPsegments=\count108
\nofMParguments=\count109
\everyMPshowfont=\toks26
\MPscratchCnt=\count110
\MPscratchDim=\dimen117
\MPnumerator=\count111
\makeMPintoPDFobject=\count112
\everyMPtoPDFconversion=\toks27
) (/usr/share/texlive/texmf-dist/tex/latex/oberdiek/epstopdf-base.sty
Package: epstopdf-base 2010/02/09 v2.5 Base part for package epstopdf

(/usr/share/texlive/texmf-dist/tex/latex/oberdiek/grfext.sty
Package: grfext 2010/08/19 v1.1 Manage graphics extensions (HO)
)
Package grfext Info: Graphics extension search list:
(grfext)             [.png,.pdf,.jpg,.mps,.jpeg,.jbig2,.jb2,.PNG,.PDF,.JPG,.JPE
G,.JBIG2,.JB2,.eps]
(grfext)             \AppendGraphicsExtensions on input line 452.

(/usr/share/texlive/texmf-dist/tex/latex/latexconfig/epstopdf-sys.cfg
File: epstopdf-sys.cfg 2010/07/13 v1.3 Configuration of (r)epstopdf for TeX Liv
e
))
\AtBeginShipoutBox=\box33

(/usr/share/texlive/texmf-dist/tex/latex/graphics/color.sty
Package: color 2005/11/14 v1.0j Standard LaTeX Color (DPC)

(/usr/share/texlive/texmf-dist/tex/latex/latexconfig/color.cfg
File: color.cfg 2007/01/18 v1.5 color configuration of teTeX/TeXLive
)
Package color Info: Driver file: pdftex.def on input line 130.
)
Package hyperref Info: Link coloring ON on input line 124.

(/usr/share/texlive/texmf-dist/tex/latex/hyperref/nameref.sty
Package: nameref 2010/04/30 v2.40 Cross-referencing by name of section

(/usr/share/texlive/texmf-dist/tex/generic/oberdiek/gettitlestring.sty
Package: gettitlestring 2010/12/03 v1.4 Cleanup title references (HO)
)
\c@section@level=\count113
LaTeX Info: Redefining \Ref on input line 498.
)
LaTeX Info: Redefining \ref on input line 124.
LaTeX Info: Redefining \pageref on input line 124.
LaTeX Info: Redefining \nameref on input line 124.

(./rumex.out) (./rumex.out)
\@outlinefile=\write4
\openout4 = `rumex.out'.

LaTeX Info: Redefining \Ref on input line 124.
 (./rumex-config.tex)
LaTeX Font Info:    Try loading font information for T1+DejaVuSans-TLF on input
 line 133.

(/usr/share/texlive/texmf-dist/tex/latex/dejavu/T1DejaVuSans-TLF.fd
File: T1DejaVuSans-TLF.fd 2011/10/30 Font definitions for T1/DejaVuSans-TLF.
)
LaTeX Font Info:    Font shape `T1/DejaVuSans-TLF/bx/n' in size <12> not availa
ble
(Font)              Font shape `T1/DejaVuSans-TLF/b/n' tried instead on input l
ine 133.
LaTeX Font Info:    Font shape `T1/DejaVuSans-TLF/bx/n' in size <24.88> not ava
ilable
(Font)              Font shape `T1/DejaVuSans-TLF/b/n' tried instead on input l
ine 133.
LaTeX Font Info:    Try loading font information for OT1+lmr on input line 133.


(/usr/share/texmf/tex/latex/lm/ot1lmr.fd
File: ot1lmr.fd 2009/10/30 v1.6 Font defs for Latin Modern
)
(/usr/share/texlive/texmf-dist/tex/latex/microtype/mt-cmr.cfg
File: mt-cmr.cfg 2009/11/09 v2.0 microtype config. file: Computer Modern Roman 
(RS)
)
LaTeX Font Info:    Try loading font information for OML+lmm on input line 133.


(/usr/share/texmf/tex/latex/lm/omllmm.fd
File: omllmm.fd 2009/10/30 v1.6 Font defs for Latin Modern
)
LaTeX Font Info:    Try loading font information for OMS+lmsy on input line 133
.

(/usr/share/texmf/tex/latex/lm/omslmsy.fd
File: omslmsy.fd 2009/10/30 v1.6 Font defs for Latin Modern
)
LaTeX Font Info:    Try loading font information for OMX+lmex on input line 133
.

(/usr/share/texmf/tex/latex/lm/omxlmex.fd
File: omxlmex.fd 2009/10/30 v1.6 Font defs for Latin Modern
)
LaTeX Font Info:    External font `lmex10' loaded for size
(Font)              <17.28> on input line 133.
LaTeX Font Info:    External font `lmex10' loaded for size
(Font)              <12> on input line 133.
LaTeX Font Info:    External font `lmex10' loaded for size
(Font)              <10> on input line 133.
 [1



{/var/lib/texmf/fonts/map/pdftex/updmap/pdftex.map}]
Package tocbasic Info: character protrusion at toc deactivated on input line 13
4.
 (./rumex.toc
LaTeX Font Info:    External font `lmex10' loaded for size
(Font)              <8> on input line 3.
LaTeX Font Info:    External font `lmex10' loaded for size
(Font)              <6> on input line 3.

Overfull \hbox (3.25798pt too wide) detected at line 38
\T1/DejaVuSans-TLF/b/n/12 10. 
 []

[2

]
Overfull \hbox (3.25798pt too wide) detected at line 39
\T1/DejaVuSans-TLF/b/n/12 11. 
 []


Overfull \hbox (2.93274pt too wide) detected at line 40
\T1/DejaVuSerif-TLF/m/n/12 11.1. 
 []


Overfull \hbox (3.582pt too wide) detected at line 41
\T1/DejaVuSerif-TLF/m/n/12 11.1.1. 
 []

LaTeX Font Info:    Try loading font information for T1+DejaVuSansMono-TLF on i
nput line 41.
(/usr/share/texlive/texmf-dist/tex/latex/dejavu/T1DejaVuSansMono-TLF.fd
File: T1DejaVuSansMono-TLF.fd 2011/06/01 Font definitions for T1/DejaVuSansMono
-TLF.
)
Overfull \hbox (3.582pt too wide) detected at line 42
\T1/DejaVuSerif-TLF/m/n/12 11.1.2. 
 []


Overfull \hbox (3.582pt too wide) detected at line 43
\T1/DejaVuSerif-TLF/m/n/12 11.1.3. 
 []


Overfull \hbox (3.582pt too wide) detected at line 44
\T1/DejaVuSerif-TLF/m/n/12 11.1.4. 
 []


Overfull \hbox (3.582pt too wide) detected at line 45
\T1/DejaVuSerif-TLF/m/n/12 11.1.5. 
 []


Overfull \hbox (2.93274pt too wide) detected at line 46
\T1/DejaVuSerif-TLF/m/n/12 11.2. 
 []


Overfull \hbox (3.582pt too wide) detected at line 47
\T1/DejaVuSerif-TLF/m/n/12 11.2.1. 
 []


Overfull \hbox (3.582pt too wide) detected at line 48
\T1/DejaVuSerif-TLF/m/n/12 11.2.2. 
 []


Overfull \hbox (2.93274pt too wide) detected at line 49
\T1/DejaVuSerif-TLF/m/n/12 11.3. 
 []


Overfull \hbox (3.582pt too wide) detected at line 50
\T1/DejaVuSerif-TLF/m/n/12 11.3.1. 
 []


Overfull \hbox (3.582pt too wide) detected at line 51
\T1/DejaVuSerif-TLF/m/n/12 11.3.2. 
 []


Overfull \hbox (3.582pt too wide) detected at line 52
\T1/DejaVuSerif-TLF/m/n/12 11.3.3. 
 []


Overfull \hbox (3.582pt too wide) detected at line 53
\T1/DejaVuSerif-TLF/m/n/12 11.3.4. 
 []


Overfull \hbox (3.582pt too wide) detected at line 54
\T1/DejaVuSerif-TLF/m/n/12 11.3.5. 
 []


Overfull \hbox (2.93274pt too wide) detected at line 55
\T1/DejaVuSerif-TLF/m/n/12 11.4. 
 []


Overfull \hbox (3.582pt too wide) detected at line 56
\T1/DejaVuSerif-TLF/m/n/12 11.4.1. 
 []


Overfull \hbox (3.582pt too wide) detected at line 57
\T1/DejaVuSerif-TLF/m/n/12 11.4.2. 
 []


Overfull \hbox (3.582pt too wide) detected at line 58
\T1/DejaVuSerif-TLF/m/n/12 11.4.3. 
 []


Overfull \hbox (3.582pt too wide) detected at line 59
\T1/DejaVuSerif-TLF/m/n/12 11.4.4. 
 []


Overfull \hbox (3.582pt too wide) detected at line 60
\T1/DejaVuSerif-TLF/m/n/12 11.4.5. 
 []


Overfull \hbox (3.582pt too wide) detected at line 61
\T1/DejaVuSerif-TLF/m/n/12 11.4.6. 
 []


Overfull \hbox (3.582pt too wide) detected at line 62
\T1/DejaVuSerif-TLF/m/n/12 11.4.7. 
 []


Overfull \hbox (3.582pt too wide) detected at line 63
\T1/DejaVuSerif-TLF/m/n/12 11.4.8. 
 []


Overfull \hbox (3.582pt too wide) detected at line 64
\T1/DejaVuSerif-TLF/m/n/12 11.4.9. 
 []


Overfull \hbox (11.2164pt too wide) detected at line 65
\T1/DejaVuSerif-TLF/m/n/12 11.4.10. 
 []


Overfull \hbox (11.2164pt too wide) detected at line 66
\T1/DejaVuSerif-TLF/m/n/12 11.4.11. 
 []


Overfull \hbox (11.2164pt too wide) detected at line 67
\T1/DejaVuSerif-TLF/m/n/12 11.4.12. 
 []


Overfull \hbox (11.2164pt too wide) detected at line 68
\T1/DejaVuSerif-TLF/m/n/12 11.4.13. 
 []


Overfull \hbox (2.93274pt too wide) detected at line 69
\T1/DejaVuSerif-TLF/m/n/12 11.5. 
 []


Overfull \hbox (3.582pt too wide) detected at line 70
\T1/DejaVuSerif-TLF/m/n/12 11.5.1. 
 []


Overfull \hbox (3.582pt too wide) detected at line 71
\T1/DejaVuSerif-TLF/m/n/12 11.5.2. 
 []


Overfull \hbox (3.582pt too wide) detected at line 72
\T1/DejaVuSerif-TLF/m/n/12 11.5.3. 
 []


Overfull \hbox (2.93274pt too wide) detected at line 73
\T1/DejaVuSerif-TLF/m/n/12 11.6. 
 []


Overfull \hbox (3.582pt too wide) detected at line 74
\T1/DejaVuSerif-TLF/m/n/12 11.6.1. 
 []


Overfull \hbox (3.582pt too wide) detected at line 75
\T1/DejaVuSerif-TLF/m/n/12 11.6.2. 
 []


Overfull \hbox (3.582pt too wide) detected at line 76
\T1/DejaVuSerif-TLF/m/n/12 11.6.3. 
 []


Overfull \hbox (3.25798pt too wide) detected at line 77
\T1/DejaVuSans-TLF/b/n/12 12. 
 []


Overfull \hbox (2.93274pt too wide) detected at line 78
\T1/DejaVuSerif-TLF/m/n/12 12.1. 
 []


Overfull \hbox (2.93274pt too wide) detected at line 79
\T1/DejaVuSerif-TLF/m/n/12 12.2. 
 []


Overfull \hbox (2.93274pt too wide) detected at line 80
\T1/DejaVuSerif-TLF/m/n/12 12.3. 
 []

[3]
Overfull \hbox (2.93274pt too wide) detected at line 81
\T1/DejaVuSerif-TLF/m/n/12 12.4. 
 []


Overfull \hbox (2.93274pt too wide) detected at line 86
\T1/DejaVuSerif-TLF/m/n/12 12.5. 
 []


Overfull \hbox (3.582pt too wide) detected at line 87
\T1/DejaVuSerif-TLF/m/n/12 12.5.1. 
 []


Overfull \hbox (3.582pt too wide) detected at line 88
\T1/DejaVuSerif-TLF/m/n/12 12.5.2. 
 []


Overfull \hbox (3.582pt too wide) detected at line 89
\T1/DejaVuSerif-TLF/m/n/12 12.5.3. 
 []


Overfull \hbox (3.582pt too wide) detected at line 90
\T1/DejaVuSerif-TLF/m/n/12 12.5.4. 
 []


Overfull \hbox (2.93274pt too wide) detected at line 91
\T1/DejaVuSerif-TLF/m/n/12 12.6. 
 []


Overfull \hbox (3.25798pt too wide) detected at line 92
\T1/DejaVuSans-TLF/b/n/12 13. 
 []


Overfull \hbox (3.582pt too wide) detected at line 93
\T1/DejaVuSerif-TLF/m/n/12 13.0.1. 
 []


Overfull \hbox (3.582pt too wide) detected at line 100
\T1/DejaVuSerif-TLF/m/n/12 13.0.2. 
 []


Overfull \hbox (3.582pt too wide) detected at line 101
\T1/DejaVuSerif-TLF/m/n/12 13.0.3. 
 []


Overfull \hbox (2.93274pt too wide) detected at line 104
\T1/DejaVuSerif-TLF/m/n/12 13.1. 
 []


Overfull \hbox (3.582pt too wide) detected at line 105
\T1/DejaVuSerif-TLF/m/n/12 13.1.1. 
 []


Overfull \hbox (3.582pt too wide) detected at line 106
\T1/DejaVuSerif-TLF/m/n/12 13.1.2. 
 []


Overfull \hbox (3.582pt too wide) detected at line 107
\T1/DejaVuSerif-TLF/m/n/12 13.1.3. 
 []


Overfull \hbox (3.582pt too wide) detected at line 109
\T1/DejaVuSerif-TLF/m/n/12 13.1.4. 
 []


Overfull \hbox (3.582pt too wide) detected at line 110
\T1/DejaVuSerif-TLF/m/n/12 13.1.5. 
 []


Overfull \hbox (3.582pt too wide) detected at line 111
\T1/DejaVuSerif-TLF/m/n/12 13.1.6. 
 []


Overfull \hbox (3.582pt too wide) detected at line 112
\T1/DejaVuSerif-TLF/m/n/12 13.1.7. 
 []


Overfull \hbox (2.93274pt too wide) detected at line 113
\T1/DejaVuSerif-TLF/m/n/12 13.2. 
 []


Overfull \hbox (3.582pt too wide) detected at line 114
\T1/DejaVuSerif-TLF/m/n/12 13.2.1. 
 []


Overfull \hbox (3.582pt too wide) detected at line 115
\T1/DejaVuSerif-TLF/m/n/12 13.2.2. 
 []


Overfull \hbox (3.582pt too wide) detected at line 116
\T1/DejaVuSerif-TLF/m/n/12 13.2.3. 
 []


Overfull \hbox (3.582pt too wide) detected at line 117
\T1/DejaVuSerif-TLF/m/n/12 13.2.4. 
 []


Overfull \hbox (3.582pt too wide) detected at line 118
\T1/DejaVuSerif-TLF/m/n/12 13.2.5. 
 []


Overfull \hbox (3.582pt too wide) detected at line 119
\T1/DejaVuSerif-TLF/m/n/12 13.2.6. 
 []


Overfull \hbox (2.93274pt too wide) detected at line 120
\T1/DejaVuSerif-TLF/m/n/12 13.3. 
 []


Overfull \hbox (2.93274pt too wide) detected at line 121
\T1/DejaVuSerif-TLF/m/n/12 13.4. 
 []


Overfull \hbox (2.93274pt too wide) detected at line 122
\T1/DejaVuSerif-TLF/m/n/12 13.5. 
 []


Overfull \hbox (2.93274pt too wide) detected at line 123
\T1/DejaVuSerif-TLF/m/n/12 13.6. 
 []


Overfull \hbox (3.582pt too wide) detected at line 124
\T1/DejaVuSerif-TLF/m/n/12 13.6.1. 
 []


Overfull \hbox (3.582pt too wide) detected at line 129
\T1/DejaVuSerif-TLF/m/n/12 13.6.2. 
 []


Overfull \hbox (2.93274pt too wide) detected at line 130
\T1/DejaVuSerif-TLF/m/n/12 13.7. 
 []

)
\tf@toc=\write5
\openout5 = `rumex.toc'.

 (./vorwort.tex [4]
Kapitel 1.
LaTeX Font Info:    Font shape `T1/DejaVuSerif-TLF/bx/n' in size <12> not avail
able
(Font)              Font shape `T1/DejaVuSerif-TLF/b/n' tried instead on input 
line 10.
LaTeX Font Info:    Font shape `T1/DejaVuSans-TLF/bx/n' in size <17.28> not ava
ilable
(Font)              Font shape `T1/DejaVuSans-TLF/b/n' tried instead on input l
ine 30.
) (./kurzbeschreibung.tex [5

]
Kapitel 2.
) (./index-seite.tex [6

]
Kapitel 3.
) (./seitenarten.tex [7

]
Kapitel 4.
LaTeX Font Info:    Try loading font information for OMS+DejaVuSerif-TLF on inp
ut line 11.
LaTeX Font Info:    No file OMSDejaVuSerif-TLF.fd. on input line 11.

LaTeX Font Warning: Font shape `OMS/DejaVuSerif-TLF/m/n' undefined
(Font)              using `OMS/cmsy/m/n' instead
(Font)              for symbol `textbullet' on input line 11.

) (./sonderseiten.tex [8

] [9]
Kapitel 5.
) (./installation.tex [10

]
Kapitel 6.
LaTeX Font Info:    External font `lmex10' loaded for size
(Font)              <7> on input line 6.
LaTeX Font Info:    External font `lmex10' loaded for size
(Font)              <5> on input line 6.
[11

]
LaTeX Font Info:    Font shape `T1/DejaVuSans-TLF/bx/n' in size <14.4> not avai
lable
(Font)              Font shape `T1/DejaVuSans-TLF/b/n' tried instead on input l
ine 106.
) (./konfiguration.tex [12] [13]
Kapitel 7.

Overfull \hbox (54.12831pt too wide) in paragraph at lines 26--36
[]\T1/DejaVuSansMono-TLF/m/n/12 .rx/config.mk\T1/DejaVuSerif-TLF/m/n/12 (-20) ,
 wo-bei die Ein-trä-ge der Vor-ga-be Da-tei []\T1/DejaVuSansMono-TLF/m/n/12 .ru
mex/makefile/config.mk
 []

[14

]
Underfull \hbox (badness 10000) in paragraph at lines 86--88

 []


Underfull \hbox (badness 10000) in paragraph at lines 110--112

 []


Underfull \hbox (badness 10000) in paragraph at lines 122--124

 []

[15]
Underfull \hbox (badness 10000) in paragraph at lines 134--136

 []


Underfull \hbox (badness 10000) in paragraph at lines 146--148

 []

[16]
Underfull \hbox (badness 10000) in paragraph at lines 219--221

 []


Underfull \hbox (badness 10000) in paragraph at lines 231--233

 []


Underfull \hbox (badness 10000) in paragraph at lines 268--270

 []

[17]
Underfull \hbox (badness 10000) in paragraph at lines 283--285

 []


Underfull \hbox (badness 10000) in paragraph at lines 298--300

 []


Underfull \hbox (badness 10000) in paragraph at lines 313--315

 []


Underfull \hbox (badness 10000) in paragraph at lines 333--333

 []


Underfull \hbox (badness 10000) in paragraph at lines 333--335

 []

[18]
Underfull \hbox (badness 10000) in paragraph at lines 368--370

 []


Underfull \hbox (badness 10000) in paragraph at lines 381--383

 []

[19]
Overfull \hbox (126.2734pt too wide) in paragraph at lines 436--436
[]\T1/DejaVuSansMono-TLF/m/n/12 #----------------------------------------------
---------------------------------[] 
 []


Overfull \hbox (126.2734pt too wide) in paragraph at lines 438--438
[]\T1/DejaVuSansMono-TLF/m/n/12 #----------------------------------------------
---------------------------------[] 
 []

[20]
Overfull \hbox (126.2734pt too wide) in paragraph at lines 497--497
[]\T1/DejaVuSansMono-TLF/m/n/12 #----------------------------------------------
---------------------------------[] 
 []


Overfull \hbox (126.2734pt too wide) in paragraph at lines 499--499
[]\T1/DejaVuSansMono-TLF/m/n/12 #----------------------------------------------
---------------------------------[] 
 []

[21]
Overfull \hbox (126.2734pt too wide) in paragraph at lines 514--514
[]\T1/DejaVuSansMono-TLF/m/n/12 #----------------------------------------------
---------------------------------[] 
 []


Overfull \hbox (126.2734pt too wide) in paragraph at lines 516--516
[]\T1/DejaVuSansMono-TLF/m/n/12 #----------------------------------------------
---------------------------------[] 
 []


Overfull \hbox (126.2734pt too wide) in paragraph at lines 532--532
[]\T1/DejaVuSansMono-TLF/m/n/12 #----------------------------------------------
---------------------------------[] 
 []


Overfull \hbox (126.2734pt too wide) in paragraph at lines 536--536
[]\T1/DejaVuSansMono-TLF/m/n/12 #----------------------------------------------
---------------------------------[] 
 []


Overfull \hbox (126.2734pt too wide) in paragraph at lines 550--550
[]\T1/DejaVuSansMono-TLF/m/n/12 #----------------------------------------------
---------------------------------[] 
 []


Overfull \hbox (126.2734pt too wide) in paragraph at lines 552--552
[]\T1/DejaVuSansMono-TLF/m/n/12 #----------------------------------------------
---------------------------------[] 
 []

[22]
Overfull \hbox (126.2734pt too wide) in paragraph at lines 567--567
[]\T1/DejaVuSansMono-TLF/m/n/12 #----------------------------------------------
---------------------------------[] 
 []


Overfull \hbox (126.2734pt too wide) in paragraph at lines 569--569
[]\T1/DejaVuSansMono-TLF/m/n/12 #----------------------------------------------
---------------------------------[] 
 []


Overfull \hbox (34.51775pt too wide) in paragraph at lines 570--570
[]\T1/DejaVuSansMono-TLF/m/n/12 META_GENERATOR = "rumex "$(shell cat ../.rumex/
default/version.txt)[] 
 []

) (./diskussion.tex [23]
Kapitel 8.
) (./weblog.tex [24

]
Kapitel 9.
) (./rssfeed.tex [25

]
Kapitel 10.
) (./vim-kurztasten.tex [26

]
Kapitel 11.
LaTeX Font Info:    Font shape `T1/DejaVuSansMono-TLF/bx/n' in size <14.4> not 
available
(Font)              Font shape `T1/DejaVuSansMono-TLF/b/n' tried instead on inp
ut line 19.
[27

] [28]
Overfull \hbox (61.97856pt too wide) in paragraph at lines 104--104
[]\T1/DejaVuSansMono-TLF/m/n/12 <a class="moot" href="https://moot.it/i/rumex/b
log/vim-kurztasten"></a>[] 
 []

[29] [30] [31] [32]) (./statik-funktion.tex [33]
Kapitel 12.
[34

] [35]
Overfull \hbox (16.45534pt too wide) in paragraph at lines 129--129
[]\T1/DejaVuSansMono-TLF/m/n/12 sudo ln -s /home/USER/.cabal/bin/pandoc-citepro
c /usr/local/bin/.[] 
 []

[36]
Overfull \hbox (17.89534pt too wide) in paragraph at lines 208--208
[]        \T1/DejaVuSansMono-TLF/m/n/12 title = "BibTeX --- Wikipedia{,} Die fr
eie Enzyklopädie",[] 
 []

[37]
Overfull \hbox (133.49861pt too wide) in paragraph at lines 210--210
[]        \T1/DejaVuSansMono-TLF/m/n/12 url = "http://de.wikipedia.org/w/index.
php?title=BibTeX&oldid=124228120",[] 
 []


Overfull \hbox (17.89534pt too wide) in paragraph at lines 226--226
[]        \T1/DejaVuSansMono-TLF/m/n/12 title = "BibTeX --- Wikipedia{,} Die fr
eie Enzyklopädie",[] 
 []


Overfull \hbox (133.49861pt too wide) in paragraph at lines 228--228
[]        \T1/DejaVuSansMono-TLF/m/n/12 url = "http://de.wikipedia.org/w/index.
php?title=BibTeX&oldid=124228120",[] 
 []

[38] [39]) (./lager.tex [40]
Kapitel 13.

Package hyperref Warning: Difference (2) between bookmark levels is greater 
(hyperref)                than one, level fixed on input line 6.

[41

]
Overfull \hbox (245.96255pt too wide) in paragraph at lines 161--161
 []\T1/DejaVuSansMono-TLF/m/n/12 wget -o /tmp/vim-fuzzyfinder.zip http://www.vi
m.org/scripts/download_script.php?src_id=10588[] 
 []


Overfull \hbox (42.21683pt too wide) in paragraph at lines 163--163
 []\T1/DejaVuSansMono-TLF/m/n/12 unzip /tmp/vim-fuzzyfinder.zip -d ~/.vim/bundl
e/vim-fuzzyfinder/[] 
 []


Overfull \hbox (32.81963pt too wide) in paragraph at lines 170--170
 []\T1/DejaVuSansMono-TLF/m/n/12 " --------------------------------------------
-----------------[] 
 []

LaTeX Font Info:    Font shape `T1/DejaVuSerif-TLF/bx/n' in size <10> not avail
able
(Font)              Font shape `T1/DejaVuSerif-TLF/b/n' tried instead on input 
line 187.
[42] [43]
Underfull \hbox (badness 10000) in paragraph at lines 264--266

 []

[44]
LaTeX Font Info:    Font shape `T1/DejaVuSansMono-TLF/bx/n' in size <12> not av
ailable
(Font)              Font shape `T1/DejaVuSansMono-TLF/b/n' tried instead on inp
ut line 343.

Overfull \hbox (2.21915pt too wide) in paragraph at lines 341--344
\T1/DejaVuSerif-TLF/b/n/12 ist nicht zwin-gend er-for-der-lich. je-doch muss di
e \T1/DejaVuSansMono-TLF/b/n/12 .inc/fuss.html
 []

[45] [46] [47]
Overfull \hbox (8.15909pt too wide) in paragraph at lines 525--527
\T1/DejaVuSerif-TLF/m/n/12 (-20) der da-teiname ist mit \T1/DejaVuSansMono-TLF/
m/n/12 rss.xml \T1/DejaVuSerif-TLF/m/n/12 (-20) vor-be-legt und kann über die v
a-ria-ble \T1/DejaVuSansMono-TLF/m/n/12 rss_file
 []

[48] [49] <../bilder/rumex-tilda_800_.png, id=838, 572.43564pt x 304.10643pt>
File: ../bilder/rumex-tilda_800_.png Graphic file (type png)

<use ../bilder/rumex-tilda_800_.png>
Package pdftex.def Info: ../bilder/rumex-tilda_800_.png used on input line 637.

(pdftex.def)             Requested size: 572.43423pt x 304.10567pt.

Overfull \hbox (124.30328pt too wide) in paragraph at lines 637--643
 [][] 
 []

[50] [51 <../bilder/rumex-tilda_800_.png>]

LaTeX Warning: Hyper reference `rumex.vim.sh' on page 52 undefined on input lin
e 673.


Overfull \hbox (22.16322pt too wide) in paragraph at lines 671--674
\T1/DejaVuSerif-TLF/m/n/12 (-20) til-da shell die be-feh-le um den ru-mex bau-k
as-ten zu star-ten, sie-he ru-mex.vim.sh. 
 []


Overfull \hbox (16.53511pt too wide) in paragraph at lines 705--712
\T1/DejaVuSerif-TLF/m/n/12 (-20) wech-seln zwi-schen den fens-tern kann man die
 tas-ten-kom-bi-na-ti-on \T1/DejaVuSansMono-TLF/m/n/12 <alt>+<tab>
 []

[52]) (./anhang.tex [53]
Anhang A.
) (./impressum-kontakt.tex [54

]
Anhang B.
) (./literatur.tex [55

]
Anhang C.
[56

]

LaTeX Font Warning: Font shape `T1/DejaVuSerif-TLF/m/sc' undefined
(Font)              using `T1/DejaVuSerif-TLF/m/n' instead on input line 26.

[57

])
Package atveryend Info: Empty hook `BeforeClearDocument' on input line 177.
 [58]
Package atveryend Info: Empty hook `AfterLastShipout' on input line 177.
 (./rumex.aux)
Package atveryend Info: Executing hook `AtVeryEndDocument' on input line 177.


 *File List*
scrreprt.cls    2012/05/15 v3.11 KOMA-Script document class (report)
scrkbase.sty    2012/05/15 v3.11 KOMA-Script package (KOMA-Script-dependent bas
ics and keyval usage)
 scrbase.sty    2012/05/15 v3.11 KOMA-Script package (KOMA-Script-independent b
asics and keyval usage)
  keyval.sty    1999/03/16 v1.13 key=value parser (DPC)
scrlfile.sty    2011/03/09 v3.09 KOMA-Script package (loading files)
tocbasic.sty    2012/04/04 v3.10b KOMA-Script package (handling toc-files)
scrsize12pt.clo    2012/05/15 v3.11 KOMA-Script font size class option (12pt)
typearea.sty    2012/05/15 v3.11 KOMA-Script package (type area)
   babel.sty    2008/07/08 v3.8m The Babel package
ngermanb.ldf    2008/07/06 v2.6n new German support from the babel system
 fontenc.sty
   t1enc.def    2005/09/27 v1.99g Standard LaTeX file
inputenc.sty    2008/03/30 v1.1d Input encoding file
    utf8.def    2008/04/05 v1.1m UTF-8 support for inputenc
   t1enc.dfu    2008/04/05 v1.1m UTF-8 support for inputenc
  ot1enc.dfu    2008/04/05 v1.1m UTF-8 support for inputenc
  omsenc.dfu    2008/04/05 v1.1m UTF-8 support for inputenc
 lmodern.sty    2009/10/30 v1.6 Latin Modern Fonts
microtype.sty    2010/01/10 v2.4 Micro-typography with pdfTeX (RS)
microtype.cfg    2010/01/10 v2.4 microtype main configuration file (RS)
varioref.sty    2011/10/02 v1.4z package for extended references (FMi)
verbatim.sty    2003/08/22 v1.5q LaTeX2e package for verbatim enhancements
fancyvrb.sty    2008/02/07
graphicx.sty    1999/02/16 v1.0f Enhanced LaTeX Graphics (DPC,SPQR)
graphics.sty    2009/02/05 v1.0o Standard LaTeX Graphics (DPC,SPQR)
    trig.sty    1999/03/16 v1.09 sin cos tan (DPC)
graphics.cfg    2010/04/23 v1.9 graphics configuration of TeX Live
  pdftex.def    2011/05/27 v0.06d Graphics/color for pdfTeX
infwarerr.sty    2010/04/08 v1.3 Providing info/warning/error messages (HO)
 ltxcmds.sty    2011/11/09 v1.22 LaTeX kernel commands for general use (HO)
    soul.sty    2003/11/17 v2.4 letterspacing/underlining (mf)
    ulem.sty    2012/05/18
 eurosym.sty    1998/08/06 v1.1 European currency symbol ``Euro''
hyperref.sty    2012/05/13 v6.82q Hypertext links for LaTeX
hobsub-hyperref.sty    2012/05/28 v1.13 Bundle oberdiek, subset hyperref (HO)
hobsub-generic.sty    2012/05/28 v1.13 Bundle oberdiek, subset generic (HO)
  hobsub.sty    2012/05/28 v1.13 Construct package bundles (HO)
ifluatex.sty    2010/03/01 v1.3 Provides the ifluatex switch (HO)
  ifvtex.sty    2010/03/01 v1.5 Detect VTeX and its facilities (HO)
 intcalc.sty    2007/09/27 v1.1 Expandable calculations with integers (HO)
   ifpdf.sty    2011/01/30 v2.3 Provides the ifpdf switch (HO)
etexcmds.sty    2011/02/16 v1.5 Avoid name clashes with e-TeX commands (HO)
kvsetkeys.sty    2012/04/25 v1.16 Key value parser (HO)
kvdefinekeys.sty    2011/04/07 v1.3 Define keys (HO)
pdftexcmds.sty    2011/11/29 v0.20 Utility functions of pdfTeX for LuaTeX (HO)
pdfescape.sty    2011/11/25 v1.13 Implements pdfTeX's escape features (HO)
bigintcalc.sty    2012/04/08 v1.3 Expandable calculations on big integers (HO)
  bitset.sty    2011/01/30 v1.1 Handle bit-vector datatype (HO)
uniquecounter.sty    2011/01/30 v1.2 Provide unlimited unique counter (HO)
letltxmacro.sty    2010/09/02 v1.4 Let assignment for LaTeX macros (HO)
 hopatch.sty    2012/05/28 v1.2 Wrapper for package hooks (HO)
xcolor-patch.sty    2011/01/30 xcolor patch
atveryend.sty    2011/06/30 v1.8 Hooks at the very end of document (HO)
atbegshi.sty    2011/10/05 v1.16 At begin shipout hook (HO)
refcount.sty    2011/10/16 v3.4 Data extraction from label references (HO)
 hycolor.sty    2011/01/30 v1.7 Color options for hyperref/bookmark (HO)
 ifxetex.sty    2010/09/12 v0.6 Provides ifxetex conditional
kvoptions.sty    2011/06/30 v3.11 Key value format for package options (HO)
  pd1enc.def    2012/05/13 v6.82q Hyperref: PDFDocEncoding definition (HO)
hyperref.cfg    2002/06/06 v1.2 hyperref configuration of TeXLive
     url.sty    2006/04/12  ver 3.3  Verb mode for urls, etc.
 hpdftex.def    2012/05/13 v6.82q Hyperref driver for pdfTeX
rerunfilecheck.sty    2011/04/15 v1.7 Rerun checks for auxiliary files (HO)
  dejavu.sty    2011/07/27 Style file for DejaVu
DejaVuSansMono.sty    2011/06/01 Style file for DejaVuSansMono.
DejaVuSans.sty    2011/06/01 Style file for DejaVuSans.
DejaVuSerif.sty    2011/06/01 Style file for DejaVuSerif.
   rumex.sty    
T1DejaVuSerif-TLF.fd    2011/06/01 Font definitions for T1/DejaVuSerif-TLF.
supp-pdf.mkii
epstopdf-base.sty    2010/02/09 v2.5 Base part for package epstopdf
  grfext.sty    2010/08/19 v1.1 Manage graphics extensions (HO)
epstopdf-sys.cfg    2010/07/13 v1.3 Configuration of (r)epstopdf for TeX Live
   color.sty    2005/11/14 v1.0j Standard LaTeX Color (DPC)
   color.cfg    2007/01/18 v1.5 color configuration of teTeX/TeXLive
 nameref.sty    2010/04/30 v2.40 Cross-referencing by name of section
gettitlestring.sty    2010/12/03 v1.4 Cleanup title references (HO)
   rumex.out
   rumex.out
rumex-config.tex
T1DejaVuSans-TLF.fd    2011/10/30 Font definitions for T1/DejaVuSans-TLF.
  ot1lmr.fd    2009/10/30 v1.6 Font defs for Latin Modern
  mt-cmr.cfg    2009/11/09 v2.0 microtype config. file: Computer Modern Roman (
RS)
  omllmm.fd    2009/10/30 v1.6 Font defs for Latin Modern
 omslmsy.fd    2009/10/30 v1.6 Font defs for Latin Modern
 omxlmex.fd    2009/10/30 v1.6 Font defs for Latin Modern
T1DejaVuSansMono-TLF.fd    2011/06/01 Font definitions for T1/DejaVuSansMono-TL
F.
 vorwort.tex
kurzbeschreibung.tex
index-seite.tex
seitenarten.tex
sonderseiten.tex
installation.tex
konfiguration.tex
diskussion.tex
  weblog.tex
 rssfeed.tex
vim-kurztasten.tex
statik-funktion.tex
   lager.tex
../bilder/rumex-tilda_800_.png
  anhang.tex
impressum-kontakt.tex
literatur.tex
 ***********

Package atveryend Info: Executing hook `AtEndAfterFileList' on input line 177.
Package rerunfilecheck Info: File `rumex.out' has not changed.
(rerunfilecheck)             Checksum: 3499FFBF643443FFC390C4F4CAE332D8;7745.

LaTeX Font Warning: Some font shapes were not available, defaults substituted.


LaTeX Warning: There were undefined references.

Package atveryend Info: Empty hook `AtVeryVeryEnd' on input line 177.
 ) 
Here is how much of TeX's memory you used:
 10325 strings out of 495007
 163619 string characters out of 3179690
 293058 words of memory out of 3000000
 12888 multiletter control sequences out of 15000+200000
 79014 words of font info for 187 fonts, out of 3000000 for 9000
 14 hyphenation exceptions out of 8191
 56i,8n,46p,508b,575s stack positions out of 5000i,500n,10000p,200000b,50000s
{/usr/share/texmf/fonts/enc/dvips/lm/lm-mathit.enc}{/usr/share/texlive/texmf-
dist/fonts/enc/dvips/dejavu/dejavuserif_t1-type1.enc}{/usr/share/texlive/texmf-
dist/fonts/enc/dvips/dejavu/dejavumono_t1-type1.enc}{/usr/share/texlive/texmf-d
ist/fonts/enc/dvips/dejavu/dejavusans_t1-type1.enc}</usr/share/texlive/texmf-di
st/fonts/type1/public/dejavu/DejaVuSans-Bold.pfb></usr/share/texlive/texmf-dist
/fonts/type1/public/dejavu/DejaVuSansMono-Bold.pfb></usr/share/texlive/texmf-di
st/fonts/type1/public/dejavu/DejaVuSansMono.pfb></usr/share/texlive/texmf-dist/
fonts/type1/public/dejavu/DejaVuSerif-Bold.pfb></usr/share/texlive/texmf-dist/f
onts/type1/public/dejavu/DejaVuSerif-Italic.pfb></usr/share/texlive/texmf-dist/
fonts/type1/public/dejavu/DejaVuSerif.pfb></usr/share/texlive/texmf-dist/fonts/
type1/public/amsfonts/cm/cmsy10.pfb></usr/share/texmf/fonts/type1/public/lm/lmm
i8.pfb>
Output written on rumex.pdf (58 pages, 410132 bytes).
PDF statistics:
 1010 PDF objects out of 1200 (max. 8388607)
 930 compressed objects within 10 object streams
 232 named destinations out of 1000 (max. 500000)
 33134 words of extra memory for PDF output out of 35830 (max. 10000000)

